<?xml version="1.0" encoding="UTF-8"?>
<testsuite xmlns:xsi="http://www.w3.org/2001/XMLSchema-instance" xsi:noNamespaceSchemaLocation="https://maven.apache.org/surefire/maven-surefire-plugin/xsd/surefire-test-report-3.0.xsd" version="3.0" name="leetcode.SetMatrixZeroesTest" time="0.028" tests="48" errors="0" skipped="0" failures="0">
  <properties>
    <property name="java.specification.version" value="21"/>
    <property name="sun.jnu.encoding" value="UTF-8"/>
    <property name="java.class.path" value="/Users/venky/Downloads/learning/leetcode/top-interview-questions/java_solutions/target/test-classes:/Users/venky/Downloads/learning/leetcode/top-interview-questions/java_solutions/target/classes:/Users/venky/.m2/repository/org/junit/jupiter/junit-jupiter/5.9.3/junit-jupiter-5.9.3.jar:/Users/venky/.m2/repository/org/junit/jupiter/junit-jupiter-api/5.9.3/junit-jupiter-api-5.9.3.jar:/Users/venky/.m2/repository/org/opentest4j/opentest4j/1.2.0/opentest4j-1.2.0.jar:/Users/venky/.m2/repository/org/junit/platform/junit-platform-commons/1.9.3/junit-platform-commons-1.9.3.jar:/Users/venky/.m2/repository/org/apiguardian/apiguardian-api/1.1.2/apiguardian-api-1.1.2.jar:/Users/venky/.m2/repository/org/junit/jupiter/junit-jupiter-params/5.9.3/junit-jupiter-params-5.9.3.jar:/Users/venky/.m2/repository/org/junit/jupiter/junit-jupiter-engine/5.9.3/junit-jupiter-engine-5.9.3.jar:/Users/venky/.m2/repository/org/junit/platform/junit-platform-engine/1.9.3/junit-platform-engine-1.9.3.jar:"/>
    <property name="java.vm.vendor" value="Amazon.com Inc."/>
    <property name="sun.arch.data.model" value="64"/>
    <property name="java.vendor.url" value="https://aws.amazon.com/corretto/"/>
    <property name="os.name" value="Mac OS X"/>
    <property name="java.vm.specification.version" value="21"/>
    <property name="sun.java.launcher" value="SUN_STANDARD"/>
    <property name="user.country" value="IN"/>
    <property name="sun.boot.library.path" value="/Library/Java/JavaVirtualMachines/amazon-corretto-21.jdk/Contents/Home/lib"/>
    <property name="sun.java.command" value="/Users/venky/Downloads/learning/leetcode/top-interview-questions/java_solutions/target/surefire/surefirebooter-20250701125122830_3.jar /Users/venky/Downloads/learning/leetcode/top-interview-questions/java_solutions/target/surefire 2025-07-01T12-51-22_706-jvmRun1 surefire-20250701125122830_1tmp surefire_0-20250701125122830_2tmp"/>
    <property name="http.nonProxyHosts" value="local|*.local|169.254/16|*.169.254/16"/>
    <property name="jdk.debug" value="release"/>
    <property name="surefire.test.class.path" value="/Users/venky/Downloads/learning/leetcode/top-interview-questions/java_solutions/target/test-classes:/Users/venky/Downloads/learning/leetcode/top-interview-questions/java_solutions/target/classes:/Users/venky/.m2/repository/org/junit/jupiter/junit-jupiter/5.9.3/junit-jupiter-5.9.3.jar:/Users/venky/.m2/repository/org/junit/jupiter/junit-jupiter-api/5.9.3/junit-jupiter-api-5.9.3.jar:/Users/venky/.m2/repository/org/opentest4j/opentest4j/1.2.0/opentest4j-1.2.0.jar:/Users/venky/.m2/repository/org/junit/platform/junit-platform-commons/1.9.3/junit-platform-commons-1.9.3.jar:/Users/venky/.m2/repository/org/apiguardian/apiguardian-api/1.1.2/apiguardian-api-1.1.2.jar:/Users/venky/.m2/repository/org/junit/jupiter/junit-jupiter-params/5.9.3/junit-jupiter-params-5.9.3.jar:/Users/venky/.m2/repository/org/junit/jupiter/junit-jupiter-engine/5.9.3/junit-jupiter-engine-5.9.3.jar:/Users/venky/.m2/repository/org/junit/platform/junit-platform-engine/1.9.3/junit-platform-engine-1.9.3.jar:"/>
    <property name="sun.cpu.endian" value="little"/>
    <property name="user.home" value="/Users/venky"/>
    <property name="user.language" value="en"/>
    <property name="java.specification.vendor" value="Oracle Corporation"/>
    <property name="java.version.date" value="2024-07-16"/>
    <property name="java.home" value="/Library/Java/JavaVirtualMachines/amazon-corretto-21.jdk/Contents/Home"/>
    <property name="file.separator" value="/"/>
    <property name="basedir" value="/Users/venky/Downloads/learning/leetcode/top-interview-questions/java_solutions"/>
    <property name="java.vm.compressedOopsMode" value="Zero based"/>
    <property name="line.separator" value="&#10;"/>
    <property name="java.vm.specification.vendor" value="Oracle Corporation"/>
    <property name="java.specification.name" value="Java Platform API Specification"/>
    <property name="apple.awt.application.name" value="ForkedBooter"/>
    <property name="surefire.real.class.path" value="/Users/venky/Downloads/learning/leetcode/top-interview-questions/java_solutions/target/surefire/surefirebooter-20250701125122830_3.jar"/>
    <property name="sun.management.compiler" value="HotSpot 64-Bit Tiered Compilers"/>
    <property name="ftp.nonProxyHosts" value="local|*.local|169.254/16|*.169.254/16"/>
    <property name="java.runtime.version" value="21.0.4+7-LTS"/>
    <property name="user.name" value="venky"/>
    <property name="stdout.encoding" value="UTF-8"/>
    <property name="path.separator" value=":"/>
    <property name="os.version" value="13.2.1"/>
    <property name="java.runtime.name" value="OpenJDK Runtime Environment"/>
    <property name="file.encoding" value="UTF-8"/>
    <property name="java.vm.name" value="OpenJDK 64-Bit Server VM"/>
    <property name="java.vendor.version" value="Corretto-21.0.4.7.1"/>
    <property name="localRepository" value="/Users/venky/.m2/repository"/>
    <property name="java.vendor.url.bug" value="https://github.com/corretto/corretto-21/issues/"/>
    <property name="java.io.tmpdir" value="/var/folders/rp/k37ymfhs2xsfjgjjcn2rz6q80000gn/T/"/>
    <property name="java.version" value="21.0.4"/>
    <property name="user.dir" value="/Users/venky/Downloads/learning/leetcode/top-interview-questions/java_solutions"/>
    <property name="os.arch" value="aarch64"/>
    <property name="java.vm.specification.name" value="Java Virtual Machine Specification"/>
    <property name="native.encoding" value="UTF-8"/>
    <property name="java.library.path" value="/Users/venky/Library/Java/Extensions:/Library/Java/Extensions:/Network/Library/Java/Extensions:/System/Library/Java/Extensions:/usr/lib/java:."/>
    <property name="java.vm.info" value="mixed mode, sharing"/>
    <property name="stderr.encoding" value="UTF-8"/>
    <property name="java.vendor" value="Amazon.com Inc."/>
    <property name="java.vm.version" value="21.0.4+7-LTS"/>
    <property name="sun.io.unicode.encoding" value="UnicodeBig"/>
    <property name="socksNonProxyHosts" value="local|*.local|169.254/16|*.169.254/16"/>
    <property name="java.class.version" value="65.0"/>
  </properties>
  <testcase name="testZerosFormingPlus" classname="leetcode.SetMatrixZeroesTest" time="0.001"/>
  <testcase name="testSingleElementNonZero" classname="leetcode.SetMatrixZeroesTest" time="0"/>
  <testcase name="testAllZeros" classname="leetcode.SetMatrixZeroesTest" time="0.001"/>
  <testcase name="testZerosFormingCross" classname="leetcode.SetMatrixZeroesTest" time="0"/>
  <testcase name="testZerosFormingCenterCrossWithExtraZerosInCorners" classname="leetcode.SetMatrixZeroesTest" time="0.001"/>
  <testcase name="testZerosFormingCenterCrossWithExtraZeros" classname="leetcode.SetMatrixZeroesTest" time="0"/>
  <testcase name="testZerosFormingDiagonal" classname="leetcode.SetMatrixZeroesTest" time="0"/>
  <testcase name="testFirstRowAllZeros" classname="leetcode.SetMatrixZeroesTest" time="0"/>
  <testcase name="testZerosInCorners" classname="leetcode.SetMatrixZeroesTest" time="0"/>
  <testcase name="testRectangularMatrix" classname="leetcode.SetMatrixZeroesTest" time="0"/>
  <testcase name="testBasicCase" classname="leetcode.SetMatrixZeroesTest" time="0"/>
  <testcase name="testZerosFormingInnerSquare" classname="leetcode.SetMatrixZeroesTest" time="0"/>
  <testcase name="testZerosFormingCenterCrossWithExtraZerosInCornersEdgesAndMiddle" classname="leetcode.SetMatrixZeroesTest" time="0"/>
  <testcase name="testZerosInCenter" classname="leetcode.SetMatrixZeroesTest" time="0"/>
  <testcase name="testMultipleZerosInSameColumn" classname="leetcode.SetMatrixZeroesTest" time="0.001"/>
  <testcase name="testZerosFormingCenterCrossWithExtraZerosInCornersAndMiddle" classname="leetcode.SetMatrixZeroesTest" time="0"/>
  <testcase name="testSingleElementZero" classname="leetcode.SetMatrixZeroesTest" time="0.001"/>
  <testcase name="testZerosFormingAlternatingRows" classname="leetcode.SetMatrixZeroesTest" time="0"/>
  <testcase name="testZerosFormingAlternatingColumns" classname="leetcode.SetMatrixZeroesTest" time="0"/>
  <testcase name="testZerosFormingBorder" classname="leetcode.SetMatrixZeroesTest" time="0.001"/>
  <testcase name="testLastRowAllZeros" classname="leetcode.SetMatrixZeroesTest" time="0"/>
  <testcase name="testZerosFormingCenterCrossWithExtraZerosInMiddle" classname="leetcode.SetMatrixZeroesTest" time="0"/>
  <testcase name="testZerosFormingRandomPattern" classname="leetcode.SetMatrixZeroesTest" time="0.001"/>
  <testcase name="testZerosFormingCenterSquare" classname="leetcode.SetMatrixZeroesTest" time="0"/>
  <testcase name="testZerosFormingCenterCrossWithExtraZerosInEdges" classname="leetcode.SetMatrixZeroesTest" time="0.002"/>
  <testcase name="testZerosFormingH" classname="leetcode.SetMatrixZeroesTest" time="0"/>
  <testcase name="testZerosFormingL" classname="leetcode.SetMatrixZeroesTest" time="0"/>
  <testcase name="testZerosFormingT" classname="leetcode.SetMatrixZeroesTest" time="0"/>
  <testcase name="testZerosFormingU" classname="leetcode.SetMatrixZeroesTest" time="0"/>
  <testcase name="testZerosFormingX" classname="leetcode.SetMatrixZeroesTest" time="0"/>
  <testcase name="testFirstColumnAllZeros" classname="leetcode.SetMatrixZeroesTest" time="0.001"/>
  <testcase name="testLastColumnAllZeros" classname="leetcode.SetMatrixZeroesTest" time="0"/>
  <testcase name="testZerosFormingSpiral" classname="leetcode.SetMatrixZeroesTest" time="0"/>
  <testcase name="testWideMatrix" classname="leetcode.SetMatrixZeroesTest" time="0"/>
  <testcase name="testZerosFormingZigzag" classname="leetcode.SetMatrixZeroesTest" time="0"/>
  <testcase name="testZerosFormingCornerSquare" classname="leetcode.SetMatrixZeroesTest" time="0.001"/>
  <testcase name="testZerosFormingCenterCross" classname="leetcode.SetMatrixZeroesTest" time="0"/>
  <testcase name="testZerosFormingCheckerboard" classname="leetcode.SetMatrixZeroesTest" time="0"/>
  <testcase name="testTallMatrix" classname="leetcode.SetMatrixZeroesTest" time="0.001"/>
  <testcase name="testZerosFormingCenterCrossWithGaps" classname="leetcode.SetMatrixZeroesTest" time="0.001"/>
  <testcase name="testNoZeros" classname="leetcode.SetMatrixZeroesTest" time="0.001"/>
  <testcase name="testMultipleZerosInSameRow" classname="leetcode.SetMatrixZeroesTest" time="0"/>
  <testcase name="testZerosFormingCenterCrossWithExtraZerosInCornersAndEdges" classname="leetcode.SetMatrixZeroesTest" time="0"/>
  <testcase name="testLargeMatrix" classname="leetcode.SetMatrixZeroesTest" time="0"/>
  <testcase name="testZerosFormingAntiDiagonal" classname="leetcode.SetMatrixZeroesTest" time="0"/>
  <testcase name="testNegativeNumbers" classname="leetcode.SetMatrixZeroesTest" time="0"/>
  <testcase name="testZerosFormingCenterCrossWithExtraZerosInEdgesAndMiddle" classname="leetcode.SetMatrixZeroesTest" time="0"/>
  <testcase name="testMixedPositiveNegative" classname="leetcode.SetMatrixZeroesTest" time="0.001"/>
</testsuite>